🔥 STARTING 500s STRESS TEST
   Target: http://localhost:8000
   Duration: 500s
------------------------------------------------------------
TIME       | STATUS   | LATENCY  | CPU%   | MEM%   | BTC PRICE    | SIGNAL
------------------------------------------------------------
   0s       | OK       |   10.3ms |  78.5% |  81.0% | --           | RUNNING
   1s       | OK       |    5.9ms |  29.3% |  81.1% | --           | RUNNING
   2s       | OK       |    6.1ms |  22.7% |  80.7% | --           | RUNNING
   3s       | OK       |    6.5ms |  19.4% |  80.6% | --           | RUNNING
   4s       | OK       |    5.3ms |  17.6% |  80.5% | --           | RUNNING
   5s       | OK       |    7.6ms |  49.9% |  80.9% | --           | RUNNING
   6s       | OK       |    2.7ms |  35.4% |  81.4% | --           | RUNNING
   7s       | OK       |    9.2ms |  40.9% |  81.8% | --           | RUNNING
   8s       | OK       |    2.2ms |  22.7% |  81.0% | --           | RUNNING
   9s       | OK       |   15.7ms |  44.7% |  81.2% | --           | RUNNING
  10s       | OK       |    2.6ms |  43.1% |  81.7% | --           | RUNNING
  11s       | OK       |    7.0ms |  55.1% |  84.7% | --           | RUNNING
  12s       | OK       |   14.2ms |  82.0% |  84.7% | --           | RUNNING
  13s       | OK       |   15.3ms |  87.1% |  84.7% | --           | RUNNING
  14s       | OK       |    2.5ms |  67.9% |  83.9% | --           | RUNNING
  15s       | OK       |    2.9ms |  69.4% |  84.4% | --           | RUNNING
  16s       | OK       |    3.6ms |  74.1% |  85.1% | --           | RUNNING
  17s       | OK       |   20.2ms |  88.9% |  85.5% | --           | RUNNING
  18s       | OK       |   10.4ms |  94.6% |  87.6% | --           | RUNNING
  19s       | OK       |   50.9ms |  77.1% |  85.7% | --           | RUNNING
  20s       | OK       |   79.0ms |  99.3% |  84.6% | --           | RUNNING
  21s       | OK       |    5.1ms |  85.8% |  71.3% | --           | RUNNING
  22s       | OK       |    7.4ms |  76.4% |  72.0% | --           | RUNNING
  23s       | OK       |    6.6ms |  32.9% |  71.8% | --           | RUNNING
  24s       | OK       |    6.6ms |  27.0% |  71.4% | --           | RUNNING
  25s       | OK       |    6.7ms |  17.6% |  71.5% | --           | RUNNING
  26s       | OK       |    7.3ms |  13.2% |  71.5% | --           | RUNNING
  27s       | OK       |    7.7ms |  12.8% |  71.3% | --           | RUNNING
  28s       | OK       |    7.4ms |  14.9% |  71.5% | --           | RUNNING
  29s       | OK       |    8.7ms |  13.9% |  71.5% | --           | RUNNING
  30s       | OK       |    8.1ms |  19.9% |  70.4% | --           | RUNNING
  31s       | OK       |    2.8ms |  37.5% |  71.4% | --           | RUNNING
  32s       | OK       |    7.2ms |  17.0% |  71.0% | --           | RUNNING
  33s       | OK       |    6.6ms |  30.1% |  70.4% | --           | RUNNING
  34s       | OK       |    2.3ms |  30.0% |  70.3% | --           | RUNNING
  35s       | OK       |    8.5ms |  32.5% |  70.3% | --           | RUNNING
  36s       | OK       |    6.5ms |  12.8% |  69.9% | --           | RUNNING
  37s       | OK       |    8.3ms |  19.9% |  69.9% | --           | RUNNING
  38s       | OK       |    7.3ms |  24.0% |  69.9% | --           | RUNNING
  39s       | OK       |    3.6ms |  57.8% |  69.8% | --           | RUNNING
  40s       | OK       |    6.8ms |  40.2% |  69.2% | --           | RUNNING
  41s       | OK       |    6.7ms |  35.8% |  69.2% | --           | RUNNING
  42s       | OK       |    7.5ms |  38.6% |  69.3% | --           | RUNNING
  43s       | OK       |    6.7ms |  23.2% |  69.4% | --           | RUNNING
  44s       | OK       |    8.6ms |  14.9% |  69.4% | --           | RUNNING
  45s       | OK       |    7.4ms |  13.9% |  69.3% | --           | RUNNING
  46s       | OK       |    7.0ms |  12.4% |  69.3% | --           | RUNNING
  47s       | OK       |    7.4ms |  11.8% |  69.3% | --           | RUNNING
  48s       | OK       |    7.1ms |  14.5% |  69.2% | --           | RUNNING
  49s       | OK       |    7.7ms |  11.8% |  69.2% | --           | RUNNING
  50s       | OK       |    6.9ms |  13.0% |  69.4% | --           | RUNNING
  51s       | OK       |    7.5ms |  16.7% |  69.3% | --           | RUNNING
  52s       | OK       |    7.7ms |  12.2% |  69.3% | --           | RUNNING
  53s       | OK       |    7.4ms |  23.3% |  69.4% | --           | RUNNING
  54s       | OK       |    4.9ms |  57.9% |  69.5% | --           | RUNNING
  55s       | OK       |    7.0ms |  44.2% |  69.5% | --           | RUNNING
  56s       | OK       |    7.3ms |  15.1% |  69.3% | --           | RUNNING
  57s       | OK       |    6.7ms |  20.1% |  69.3% | --           | RUNNING
  58s       | OK       |    8.1ms |  12.2% |  69.2% | --           | RUNNING
  59s       | OK       |    4.9ms |  14.9% |  69.1% | --           | RUNNING
  60s       | OK       |    6.2ms |  14.1% |  69.0% | --           | RUNNING
  61s       | OK       |    5.1ms |  11.6% |  69.0% | --           | RUNNING
  62s       | OK       |    4.6ms |  12.1% |  69.0% | --           | RUNNING
  63s       | OK       |    3.9ms |  11.8% |  69.0% | --           | RUNNING
  64s       | OK       |    5.0ms |  11.7% |  69.0% | --           | RUNNING
  65s       | OK       |    5.9ms |  12.1% |  69.3% | --           | RUNNING
  66s       | OK       |    6.2ms |  30.6% |  70.0% | --           | RUNNING
  67s       | OK       |    4.7ms |  44.7% |  70.7% | --           | RUNNING
  68s       | OK       |    8.3ms |  19.5% |  70.2% | --           | RUNNING
  69s       | OK       |    7.3ms |  18.7% |  70.1% | --           | RUNNING
  70s       | OK       |    6.1ms |  35.3% |  78.3% | --           | RUNNING
  71s       | OK       |    6.5ms |  22.9% |  80.6% | --           | RUNNING
  72s       | OK       |    6.2ms |  22.8% |  80.7% | --           | RUNNING
  73s       | OK       |    5.9ms |  12.3% |  80.5% | --           | RUNNING
  74s       | OK       |    5.3ms |  11.6% |  80.3% | --           | RUNNING
  75s       | OK       |    4.7ms |  19.2% |  81.0% | --           | RUNNING
  76s       | OK       |   18.6ms |  31.6% |  85.7% | --           | RUNNING
  77s       | OK       |    7.3ms |  19.1% |  85.6% | --           | RUNNING
  78s       | OK       |    8.9ms |  16.4% |  85.5% | --           | RUNNING
  79s       | OK       |    2.2ms |  22.8% |  85.6% | --           | RUNNING
  80s       | OK       |    7.9ms |  15.3% |  85.4% | --           | RUNNING
  81s       | OK       |    7.9ms |  18.2% |  78.9% | --           | RUNNING
  82s       | OK       |    6.7ms |  15.6% |  75.6% | --           | RUNNING
  83s       | OK       |    7.4ms |  29.4% |  74.8% | --           | RUNNING
  84s       | OK       |    7.9ms |  15.5% |  74.6% | --           | RUNNING
  85s       | OK       |    7.5ms |  10.5% |  74.7% | --           | RUNNING
  86s       | OK       |    7.9ms |  14.4% |  74.5% | --           | RUNNING
  87s       | OK       |    7.6ms |  15.7% |  74.6% | --           | RUNNING
  88s       | OK       |    4.2ms |  12.8% |  74.6% | --           | RUNNING
  89s       | OK       |    6.2ms |  17.6% |  74.3% | --           | RUNNING
  90s       | OK       |    6.9ms |  15.1% |  74.4% | --           | RUNNING
  91s       | OK       |    7.5ms |  11.8% |  74.0% | --           | RUNNING
  92s       | OK       |    7.6ms |  11.4% |  73.9% | --           | RUNNING
  93s       | OK       |    7.2ms |  10.2% |  74.0% | --           | RUNNING
  94s       | OK       |    7.4ms |  11.1% |  74.0% | --           | RUNNING
  95s       | OK       |    7.7ms |  10.1% |  74.0% | --           | RUNNING
  96s       | OK       |    7.7ms |  10.4% |  74.0% | --           | RUNNING
  97s       | OK       |    7.4ms |  10.8% |  73.9% | --           | RUNNING
  98s       | OK       |    4.0ms |  14.9% |  73.9% | --           | RUNNING
  99s       | OK       |    9.0ms |  24.0% |  74.0% | --           | RUNNING
 100s       | OK       |    7.2ms |  11.2% |  74.1% | --           | RUNNING
 101s       | OK       |   10.2ms |  12.7% |  74.3% | --           | RUNNING
 102s       | OK       |    8.0ms |  11.5% |  74.4% | --           | RUNNING
 103s       | OK       |    9.3ms |  19.3% |  75.1% | --           | RUNNING
 104s       | OK       |    4.5ms |  17.1% |  75.1% | --           | RUNNING
 105s       | OK       |    6.3ms |  15.1% |  74.9% | --           | RUNNING
 106s       | OK       |    6.9ms |  17.1% |  74.9% | --           | RUNNING
 107s       | OK       |    7.0ms |  12.5% |  74.8% | --           | RUNNING
 108s       | OK       |    8.4ms |  11.0% |  74.6% | --           | RUNNING
 109s       | OK       |    7.6ms |  13.3% |  74.8% | --           | RUNNING
 110s       | OK       |    7.0ms |  14.7% |  74.8% | --           | RUNNING
 111s       | OK       |    6.9ms |  17.7% |  74.8% | --           | RUNNING
 112s       | OK       |    6.6ms |  17.1% |  74.8% | --           | RUNNING
 113s       | OK       |    8.1ms |  14.5% |  74.8% | --           | RUNNING
 114s       | OK       |    6.1ms |  14.1% |  74.9% | --           | RUNNING
 115s       | OK       |    8.5ms |  13.3% |  75.0% | --           | RUNNING
 116s       | OK       |    7.5ms |  12.9% |  74.9% | --           | RUNNING
 117s       | OK       |    8.3ms |  12.0% |  74.7% | --           | RUNNING
 118s       | OK       |    4.6ms |  36.3% |  74.4% | --           | RUNNING
 119s       | OK       |    2.1ms |  58.6% |  72.2% | --           | RUNNING
 120s       | OK       |    6.1ms |  14.8% |  71.9% | --           | RUNNING
 121s       | OK       |    7.8ms |  18.6% |  72.1% | --           | RUNNING
 122s       | OK       |    7.2ms |  15.8% |  72.1% | --           | RUNNING
 123s       | OK       |    7.1ms |  16.4% |  72.1% | --           | RUNNING
 124s       | OK       |    4.6ms |  23.4% |  73.5% | --           | RUNNING
 125s       | OK       |    3.6ms |  22.2% |  72.6% | --           | RUNNING
 126s       | OK       |    3.5ms |  24.1% |  73.0% | --           | RUNNING
 127s       | OK       |    7.0ms |  16.6% |  72.8% | --           | RUNNING
 128s       | OK       |    5.2ms |  21.4% |  72.8% | --           | RUNNING
 129s       | OK       |    6.2ms |  17.4% |  72.3% | --           | RUNNING
 130s       | OK       |    2.7ms |  24.3% |  72.6% | --           | RUNNING
 131s       | OK       |    8.0ms |  18.2% |  72.6% | --           | RUNNING
 132s       | OK       |    6.7ms |  18.6% |  72.6% | --           | RUNNING
 133s       | OK       |    2.9ms |  60.2% |  74.1% | --           | RUNNING
 134s       | OK       |    1.8ms |  51.9% |  74.6% | --           | RUNNING
 135s       | OK       |   21.2ms |  60.5% |  73.9% | --           | RUNNING
 136s       | OK       |    2.3ms |  57.7% |  75.5% | --           | RUNNING
 137s       | CRASH    |    0.0ms |   0.0% |   0.0% | HTTPConnecti | ERROR
 138s       | CRASH    |    0.0ms |   0.0% |   0.0% | HTTPConnecti | ERROR
 139s       | CRASH    |    0.0ms |   0.0% |   0.0% | HTTPConnecti | ERROR
 140s       | CRASH    |    0.0ms |   0.0% |   0.0% | HTTPConnecti | ERROR
 141s       | OK       |    3.7ms |  55.7% |  75.0% | --           | RUNNING
 142s       | OK       |   13.6ms |  25.9% |  75.0% | --           | RUNNING
 143s       | OK       |    6.5ms |  28.8% |  75.0% | --           | RUNNING
 144s       | OK       |    7.5ms |  24.4% |  75.0% | --           | RUNNING
 145s       | OK       |    2.3ms |  52.6% |  76.8% | --           | RUNNING
 146s       | OK       |    8.7ms |  19.7% |  76.6% | --           | RUNNING
 147s       | OK       |    7.1ms |  25.2% |  77.0% | --           | RUNNING
 148s       | OK       |  107.3ms |  71.3% |  78.4% | --           | RUNNING
 149s       | OK       |   21.8ms |  88.6% |  81.0% | --           | RUNNING
 150s       | OK       |    3.3ms |  61.2% |  78.9% | --           | RUNNING
 151s       | OK       |    9.4ms |  35.2% |  79.3% | --           | RUNNING
 152s       | OK       |    3.1ms |  41.8% |  84.9% | --           | RUNNING
 153s       | OK       |   10.0ms |  35.3% |  87.6% | --           | RUNNING
 154s       | OK       |    6.2ms |  40.2% |  88.4% | --           | RUNNING
 155s       | OK       |   13.1ms |  53.2% |  88.0% | --           | RUNNING
 156s       | OK       |    3.1ms |  38.6% |  87.1% | --           | RUNNING
 157s       | OK       |   20.8ms |  42.3% |  87.1% | --           | RUNNING
 158s       | OK       |   24.2ms |  49.5% |  88.7% | --           | RUNNING
 159s       | OK       |   12.2ms |  43.6% |  88.9% | --           | RUNNING
 160s       | OK       |    7.1ms |  43.4% |  88.6% | --           | RUNNING
 161s       | OK       |    5.6ms |  43.3% |  89.0% | --           | RUNNING
 162s       | OK       |    9.4ms |  38.0% |  88.0% | --           | RUNNING
 163s       | OK       |    5.3ms |  21.5% |  80.7% | --           | RUNNING
 164s       | OK       |    4.9ms |  32.1% |  82.5% | --           | RUNNING
 165s       | OK       |    9.0ms |  29.0% |  82.6% | --           | RUNNING
 166s       | OK       |    8.2ms |  21.6% |  78.9% | --           | RUNNING
 167s       | OK       |    2.0ms |  26.4% |  79.7% | --           | RUNNING
 168s       | OK       |    3.0ms |  49.5% |  79.5% | --           | RUNNING
 169s       | OK       |    9.3ms |  39.6% |  77.8% | --           | RUNNING
 170s       | OK       |    5.7ms |  23.2% |  77.6% | --           | RUNNING
 171s       | OK       |    2.5ms |  30.7% |  78.1% | --           | RUNNING
 172s       | OK       |    6.9ms |  26.6% |  77.5% | --           | RUNNING
 173s       | OK       |    6.2ms |  24.7% |  77.5% | --           | RUNNING
 174s       | OK       |    6.3ms |  25.1% |  77.3% | --           | RUNNING
 175s       | OK       |    9.3ms |  21.6% |  77.1% | --           | RUNNING
 176s       | OK       |    6.8ms |  24.6% |  77.1% | --           | RUNNING
 177s       | OK       |    6.0ms |  22.3% |  76.8% | --           | RUNNING
 178s       | OK       |    4.1ms |  16.6% |  76.7% | --           | RUNNING
 179s       | OK       |    6.3ms |  35.6% |  77.7% | --           | RUNNING
 180s       | OK       |    6.1ms |  22.4% |  76.9% | --           | RUNNING
 181s       | OK       |    3.7ms |  34.8% |  76.1% | --           | RUNNING
 182s       | OK       |    3.5ms |  58.0% |  73.9% | --           | RUNNING
 183s       | OK       |    8.3ms |  17.2% |  73.7% | --           | RUNNING
 184s       | OK       |    8.4ms |  28.4% |  74.8% | --           | RUNNING
 185s       | OK       |    7.2ms |  22.3% |  73.5% | --           | RUNNING
 186s       | OK       |    8.3ms |  21.9% |  74.1% | --           | RUNNING
 187s       | OK       |    7.2ms |  13.8% |  73.7% | --           | RUNNING
 188s       | OK       |    8.2ms |  21.8% |  75.2% | --           | RUNNING
 189s       | OK       |    8.6ms |  21.3% |  74.4% | --           | RUNNING
 190s       | OK       |    6.9ms |  15.1% |  73.7% | --           | RUNNING
 191s       | OK       |    2.1ms |  18.2% |  73.2% | --           | RUNNING
 192s       | OK       |    6.4ms |  27.6% |  75.3% | --           | RUNNING
 193s       | OK       |    4.2ms |  30.4% |  75.6% | --           | RUNNING
 194s       | OK       |    3.6ms |  20.2% |  74.9% | --           | RUNNING
 195s       | OK       |    4.6ms |  15.7% |  74.4% | --           | RUNNING
 196s       | OK       |    8.0ms |  17.1% |  74.7% | --           | RUNNING
 197s       | OK       |    7.5ms |  27.0% |  75.2% | --           | RUNNING
 198s       | OK       |    8.1ms |  20.3% |  74.6% | --           | RUNNING
 199s       | OK       |    3.7ms |  23.0% |  75.0% | --           | RUNNING
 200s       | OK       |    8.1ms |  15.9% |  75.0% | --           | RUNNING
 201s       | OK       |    6.4ms |  19.6% |  75.1% | --           | RUNNING
 202s       | OK       |   16.0ms |  61.0% |  73.6% | --           | RUNNING
 203s       | OK       |    4.6ms |  62.9% |  73.1% | --           | RUNNING
 204s       | OK       |    7.5ms |  28.2% |  73.1% | --           | RUNNING
 205s       | OK       |    7.0ms |  23.0% |  73.5% | --           | RUNNING
 206s       | OK       |    7.8ms |  34.9% |  74.9% | --           | RUNNING
 207s       | OK       |    6.8ms |  21.2% |  74.7% | --           | RUNNING
 208s       | OK       |    7.2ms |  21.0% |  74.7% | --           | RUNNING
 209s       | OK       |    8.3ms |  21.9% |  74.4% | --           | RUNNING
 210s       | OK       |    4.6ms |  54.2% |  74.0% | --           | RUNNING
 211s       | OK       |    3.2ms |  32.5% |  74.8% | --           | RUNNING
 212s       | OK       |   11.5ms |  25.8% |  75.3% | --           | RUNNING
 213s       | OK       |    5.9ms |  35.9% |  82.4% | --           | RUNNING
 214s       | OK       |   11.2ms |  64.3% |  86.2% | --           | RUNNING
 215s       | OK       |    9.5ms |  28.8% |  85.9% | --           | RUNNING
 216s       | OK       |    4.1ms |  16.9% |  85.1% | --           | RUNNING
 217s       | OK       |    3.2ms |  23.6% |  84.4% | --           | RUNNING
 218s       | OK       |    7.4ms |  38.4% |  87.2% | --           | RUNNING
 219s       | OK       |    7.1ms |  22.5% |  87.1% | --           | RUNNING
 220s       | OK       |    7.5ms |  16.1% |  87.0% | --           | RUNNING
 221s       | OK       |    7.1ms |  17.7% |  87.1% | --           | RUNNING
 222s       | OK       |    7.7ms |  17.3% |  87.2% | --           | RUNNING
 223s       | OK       |    2.2ms |  37.9% |  79.8% | --           | RUNNING
 224s       | OK       |    8.3ms |  20.5% |  76.4% | --           | RUNNING
 225s       | OK       |    9.4ms |  31.1% |  77.7% | --           | RUNNING
 226s       | OK       |    6.8ms |  37.0% |  79.6% | --           | RUNNING
 227s       | OK       |    7.7ms |  22.5% |  78.4% | --           | RUNNING
 228s       | OK       |    7.5ms |  20.4% |  78.6% | --           | RUNNING
 229s       | OK       |    8.4ms |  18.7% |  79.1% | --           | RUNNING
 230s       | OK       |    6.3ms |  17.0% |  78.4% | --           | RUNNING
 231s       | OK       |    6.4ms |  20.2% |  78.4% | --           | RUNNING
 232s       | OK       |    7.5ms |  21.4% |  78.2% | --           | RUNNING
 233s       | OK       |    5.0ms |  25.0% |  78.2% | --           | RUNNING
 234s       | OK       |    6.4ms |  22.9% |  78.4% | --           | RUNNING
 235s       | OK       |    7.0ms |  17.7% |  77.9% | --           | RUNNING
 236s       | OK       |    6.3ms |  20.7% |  77.7% | --           | RUNNING
 237s       | OK       |    7.8ms |  19.9% |  77.8% | --           | RUNNING
 238s       | OK       |    6.1ms |  21.0% |  77.8% | --           | RUNNING
 239s       | OK       |    7.2ms |  19.5% |  77.7% | --           | RUNNING
 240s       | OK       |    6.5ms |  20.5% |  77.6% | --           | RUNNING
 241s       | OK       |    7.6ms |  19.6% |  77.6% | --           | RUNNING
 242s       | OK       |    7.5ms |  19.8% |  77.6% | --           | RUNNING
 243s       | OK       |    8.0ms |  20.1% |  77.6% | --           | RUNNING
 244s       | OK       |    6.5ms |  19.3% |  77.6% | --           | RUNNING
 245s       | OK       |    5.8ms |  14.3% |  77.1% | --           | RUNNING
 246s       | OK       |    4.6ms |  24.1% |  77.9% | --           | RUNNING
 247s       | OK       |    7.7ms |  15.8% |  77.6% | --           | RUNNING
 248s       | OK       |    5.6ms |  16.8% |  77.5% | --           | RUNNING
 249s       | OK       |    7.0ms |  10.9% |  77.4% | --           | RUNNING
 250s       | OK       |    7.4ms |  11.9% |  77.3% | --           | RUNNING
 251s       | OK       |    2.3ms |  15.1% |  76.8% | --           | RUNNING
 252s       | OK       |    6.9ms |  12.2% |  76.6% | --           | RUNNING
 253s       | OK       |    8.5ms |  13.6% |  76.7% | --           | RUNNING
 254s       | OK       |    7.6ms |  10.9% |  76.9% | --           | RUNNING
 255s       | OK       |    7.1ms |  13.8% |  76.7% | --           | RUNNING
 256s       | OK       |    6.6ms |  10.5% |  76.3% | --           | RUNNING
 257s       | OK       |    7.7ms |  11.2% |  76.0% | --           | RUNNING
 258s       | OK       |    7.5ms |  12.3% |  76.6% | --           | RUNNING
 259s       | OK       |    7.5ms |  16.9% |  76.5% | --           | RUNNING
 260s       | OK       |    5.2ms |  17.7% |  77.3% | --           | RUNNING
 261s       | OK       |    7.5ms |  18.1% |  77.1% | --           | RUNNING
 262s       | OK       |    8.5ms |  17.8% |  76.7% | --           | RUNNING
 263s       | OK       |    6.9ms |  18.9% |  77.3% | --           | RUNNING
 264s       | OK       |    8.0ms |  14.5% |  77.0% | --           | RUNNING
 265s       | OK       |    7.5ms |  14.0% |  76.8% | --           | RUNNING
 266s       | OK       |    8.3ms |  17.3% |  76.9% | --           | RUNNING
 267s       | OK       |    8.1ms |  15.8% |  76.7% | --           | RUNNING
 268s       | OK       |    6.4ms |  16.7% |  77.0% | --           | RUNNING
 269s       | OK       |    7.5ms |  17.9% |  77.0% | --           | RUNNING
 271s       | OK       |   10.3ms |  19.2% |  76.9% | --           | RUNNING
 272s       | OK       |    7.3ms |  15.6% |  76.7% | --           | RUNNING
 273s       | OK       |    7.5ms |  18.8% |  76.9% | --           | RUNNING
 274s       | OK       |   10.6ms |  16.2% |  76.8% | --           | RUNNING
 275s       | OK       |    7.0ms |  15.3% |  76.9% | --           | RUNNING
 276s       | OK       |    7.7ms |  14.9% |  76.9% | --           | RUNNING
 277s       | OK       |    6.4ms |  17.3% |  77.2% | --           | RUNNING
 278s       | OK       |    7.5ms |  28.5% |  76.9% | --           | RUNNING
 279s       | OK       |    8.6ms |  27.9% |  77.5% | --           | RUNNING
 280s       | OK       |    6.3ms |  22.2% |  76.9% | --           | RUNNING
 281s       | OK       |    7.1ms |  20.8% |  76.9% | --           | RUNNING
 282s       | OK       |    6.4ms |  22.5% |  76.9% | --           | RUNNING
 283s       | OK       |    6.8ms |  20.2% |  76.7% | --           | RUNNING
 284s       | OK       |    7.6ms |  20.5% |  76.4% | --           | RUNNING
 285s       | OK       |    6.4ms |  25.5% |  76.8% | --           | RUNNING
 286s       | OK       |    7.2ms |  19.0% |  76.7% | --           | RUNNING
 287s       | OK       |    6.6ms |  18.6% |  76.6% | --           | RUNNING
 288s       | OK       |    7.3ms |  17.1% |  76.7% | --           | RUNNING
 289s       | OK       |    7.1ms |  12.1% |  76.5% | --           | RUNNING
 290s       | OK       |    5.9ms |  25.6% |  77.3% | --           | RUNNING
 291s       | OK       |    7.0ms |  17.9% |  77.6% | --           | RUNNING
 292s       | OK       |    7.5ms |  14.7% |  77.5% | --           | RUNNING
 293s       | OK       |    4.6ms |  29.3% |  77.8% | --           | RUNNING
 294s       | OK       |    5.4ms |  28.1% |  78.2% | --           | RUNNING
 295s       | OK       |    6.1ms |  29.4% |  78.4% | --           | RUNNING
 296s       | OK       |    6.3ms |  23.0% |  78.0% | --           | RUNNING
 297s       | OK       |    8.6ms |  31.0% |  78.2% | --           | RUNNING
 298s       | OK       |    6.8ms |  30.5% |  79.8% | --           | RUNNING
 299s       | OK       |   11.9ms |  44.0% |  78.9% | --           | RUNNING
 300s       | OK       |    2.2ms |  32.5% |  78.3% | --           | RUNNING
 301s       | OK       |    5.5ms |  29.6% |  78.5% | --           | RUNNING
 302s       | OK       |    7.0ms |  18.4% |  78.0% | --           | RUNNING
 303s       | OK       |    3.9ms |  30.9% |  77.4% | --           | RUNNING
 304s       | OK       |    8.5ms |  30.3% |  77.5% | --           | RUNNING
 305s       | OK       |    6.3ms |  32.2% |  77.7% | --           | RUNNING
 306s       | OK       |    2.6ms |  40.2% |  78.7% | --           | RUNNING
 307s       | OK       |    2.5ms |  46.3% |  79.1% | --           | RUNNING
 308s       | OK       |    6.5ms |  26.6% |  77.8% | --           | RUNNING
 309s       | OK       |   12.6ms |  38.4% |  77.7% | --           | RUNNING
 310s       | OK       |    9.8ms |  30.3% |  77.6% | --           | RUNNING
 311s       | OK       |    6.7ms |  26.4% |  77.5% | --           | RUNNING
 312s       | OK       |    8.7ms |  28.2% |  77.6% | --           | RUNNING
 313s       | OK       |    8.4ms |  25.5% |  77.5% | --           | RUNNING
 314s       | OK       |    7.3ms |  25.7% |  77.2% | --           | RUNNING
 315s       | OK       |    6.9ms |  23.6% |  77.2% | --           | RUNNING
 316s       | OK       |    7.1ms |  25.6% |  77.1% | --           | RUNNING
 317s       | OK       |    6.0ms |  36.1% |  77.2% | --           | RUNNING
 318s       | OK       |    6.5ms |  45.2% |  77.3% | --           | RUNNING
 319s       | OK       |   21.1ms |  76.8% |  77.6% | --           | RUNNING
 320s       | OK       |    6.4ms |  77.4% |  76.4% | --           | RUNNING
 321s       | OK       |   15.1ms |  72.8% |  75.7% | --           | RUNNING
 322s       | OK       |    2.9ms |  42.9% |  75.7% | --           | RUNNING
 323s       | OK       |    2.3ms |  57.0% |  77.6% | --           | RUNNING
 324s       | OK       |   15.3ms |  50.0% |  78.4% | --           | RUNNING
 325s       | OK       |    8.3ms |  47.7% |  78.1% | --           | RUNNING
 326s       | OK       |    7.0ms |  39.1% |  77.6% | --           | RUNNING
 327s       | OK       |    7.1ms |  39.5% |  77.5% | --           | RUNNING
 328s       | OK       |    8.7ms |  49.7% |  76.9% | --           | RUNNING
 329s       | OK       |    8.5ms |  42.5% |  76.8% | --           | RUNNING
 330s       | OK       |   14.2ms |  39.3% |  76.9% | --           | RUNNING
 331s       | OK       |    6.5ms |  32.0% |  76.4% | --           | RUNNING
 332s       | OK       |    3.8ms |  44.6% |  76.5% | --           | RUNNING
 333s       | OK       |    2.3ms |  71.5% |  75.4% | --           | RUNNING
 334s       | OK       |   35.6ms |  37.2% |  78.4% | --           | RUNNING
 335s       | OK       |    9.0ms |  37.8% |  78.5% | --           | RUNNING
 336s       | OK       |    7.3ms |  28.2% |  77.7% | --           | RUNNING
 337s       | OK       |    6.3ms |  27.9% |  77.6% | --           | RUNNING
 338s       | OK       |    4.6ms |  29.2% |  77.7% | --           | RUNNING
 339s       | OK       |    8.8ms |  42.6% |  77.8% | --           | RUNNING
 340s       | OK       |    3.5ms |  51.8% |  78.3% | --           | RUNNING
 341s       | OK       |    6.9ms |  66.3% |  79.7% | --           | RUNNING
 342s       | OK       |    6.0ms |  48.8% |  80.1% | --           | RUNNING
 343s       | OK       |   12.0ms |  77.5% |  78.6% | --           | RUNNING
 344s       | OK       |    7.5ms |  60.8% |  77.5% | --           | RUNNING
 345s       | OK       |    7.6ms |  38.3% |  77.0% | --           | RUNNING
 346s       | OK       |   28.5ms |  51.9% |  87.4% | --           | RUNNING
 347s       | OK       |    4.3ms |  50.8% |  87.6% | --           | RUNNING
 348s       | OK       |    9.9ms |  49.4% |  87.4% | --           | RUNNING
 349s       | OK       |    3.7ms |  52.0% |  87.4% | --           | RUNNING
 350s       | OK       |    4.1ms |  51.1% |  87.4% | --           | RUNNING
 351s       | OK       |    4.7ms |  49.6% |  87.4% | --           | RUNNING
 352s       | OK       |   11.1ms |  50.9% |  87.5% | --           | RUNNING
 353s       | OK       |    5.3ms |  48.6% |  88.7% | --           | RUNNING
 354s       | OK       |    4.6ms |  52.3% |  88.6% | --           | RUNNING
 355s       | OK       |    4.9ms |  40.8% |  88.5% | --           | RUNNING
 356s       | OK       |    4.4ms |  38.8% |  88.4% | --           | RUNNING
 357s       | OK       |   11.9ms |  36.9% |  80.5% | --           | RUNNING
 358s       | OK       |    7.4ms |  27.0% |  81.5% | --           | RUNNING
 359s       | OK       |    7.9ms |  29.1% |  77.7% | --           | RUNNING
 360s       | OK       |    9.9ms |  24.6% |  77.9% | --           | RUNNING
 361s       | OK       |    7.1ms |  25.6% |  78.4% | --           | RUNNING
 362s       | OK       |    6.2ms |  29.5% |  78.1% | --           | RUNNING
 363s       | OK       |    7.9ms |  26.8% |  78.0% | --           | RUNNING
 364s       | OK       |    7.8ms |  24.8% |  78.0% | --           | RUNNING
 365s       | OK       |    8.0ms |  26.2% |  77.8% | --           | RUNNING
 366s       | OK       |    7.5ms |  30.4% |  77.9% | --           | RUNNING
 367s       | OK       |    7.0ms |  26.7% |  77.9% | --           | RUNNING
 368s       | OK       |    7.1ms |  26.4% |  77.6% | --           | RUNNING
 369s       | OK       |   16.5ms |  40.0% |  77.7% | --           | RUNNING
 370s       | OK       |    5.8ms |  73.6% |  75.7% | --           | RUNNING
 371s       | OK       |    7.0ms |  32.7% |  75.3% | --           | RUNNING
 372s       | OK       |    6.9ms |  28.4% |  74.9% | --           | RUNNING
 373s       | OK       |    8.8ms |  26.9% |  74.7% | --           | RUNNING
 374s       | OK       |    6.7ms |  31.7% |  74.9% | --           | RUNNING
 375s       | OK       |    7.2ms |  26.7% |  74.7% | --           | RUNNING
 376s       | OK       |    8.8ms |  27.2% |  75.8% | --           | RUNNING
 377s       | OK       |    3.2ms |  43.9% |  77.3% | --           | RUNNING
 378s       | OK       |    7.5ms |  31.4% |  76.0% | --           | RUNNING
 379s       | OK       |    6.7ms |  28.8% |  76.7% | --           | RUNNING
 380s       | OK       |    2.6ms |  37.0% |  77.6% | --           | RUNNING
 381s       | OK       |    4.8ms |  30.3% |  77.8% | --           | RUNNING
 382s       | OK       |    7.2ms |  31.7% |  77.5% | --           | RUNNING
 383s       | OK       |    5.8ms |  36.7% |  77.3% | --           | RUNNING
 384s       | OK       |   12.7ms |  36.3% |  76.8% | --           | RUNNING
 385s       | OK       |    7.5ms |  59.0% |  76.7% | --           | RUNNING
 386s       | OK       |    4.5ms |  86.2% |  75.7% | --           | RUNNING
 387s       | OK       |    7.8ms |  45.5% |  77.1% | --           | RUNNING
 388s       | OK       |    5.4ms |  46.7% |  80.1% | --           | RUNNING
 389s       | OK       |    6.5ms |  40.4% |  79.0% | --           | RUNNING
 390s       | OK       |    6.9ms |  21.3% |  77.8% | --           | RUNNING
 391s       | OK       |    6.6ms |  25.8% |  78.0% | --           | RUNNING
 392s       | OK       |    6.2ms |  23.6% |  77.8% | --           | RUNNING
 393s       | OK       |    2.0ms |  47.6% |  77.6% | --           | RUNNING
 394s       | OK       |    8.4ms |  43.3% |  77.5% | --           | RUNNING
 395s       | OK       |    6.6ms |  35.2% |  77.6% | --           | RUNNING
 396s       | OK       |    4.2ms |  35.7% |  76.2% | --           | RUNNING
 397s       | OK       |    2.0ms |  48.5% |  74.6% | --           | RUNNING
 398s       | OK       |    6.6ms |   7.7% |  74.5% | --           | RUNNING
 399s       | OK       |    5.9ms |  11.0% |  74.5% | --           | RUNNING
 400s       | OK       |    6.8ms |   8.4% |  74.4% | --           | RUNNING
 401s       | OK       |    5.1ms |  10.1% |  74.5% | --           | RUNNING
 402s       | OK       |    5.3ms |  31.7% |  74.6% | --           | RUNNING
 403s       | OK       |    2.6ms |  43.5% |  74.8% | --           | RUNNING
 404s       | OK       |   16.0ms |  30.8% |  74.7% | --           | RUNNING
 405s       | OK       |    2.3ms |  28.2% |  74.6% | --           | RUNNING
 406s       | OK       |    2.8ms |  23.4% |  74.6% | --           | RUNNING
 407s       | OK       |    7.0ms |  12.8% |  74.2% | --           | RUNNING
 408s       | OK       |    6.6ms |   8.0% |  74.1% | --           | RUNNING
 409s       | OK       |    7.6ms |   7.9% |  74.2% | --           | RUNNING
 410s       | OK       |    7.2ms |  11.4% |  74.1% | --           | RUNNING
 411s       | OK       |    7.1ms |  10.8% |  74.0% | --           | RUNNING
 412s       | OK       |    7.6ms |  11.1% |  74.2% | --           | RUNNING
 413s       | OK       |    6.8ms |  10.6% |  74.0% | --           | RUNNING
 414s       | OK       |    7.2ms |   8.9% |  74.0% | --           | RUNNING
 415s       | OK       |    7.7ms |   8.5% |  74.1% | --           | RUNNING
 416s       | OK       |    7.2ms |   7.6% |  74.1% | --           | RUNNING
 417s       | OK       |    7.6ms |   9.9% |  74.1% | --           | RUNNING
 418s       | OK       |    7.6ms |  12.1% |  74.0% | --           | RUNNING
 419s       | OK       |    7.1ms |   7.3% |  74.0% | --           | RUNNING
 420s       | OK       |    7.4ms |   7.5% |  74.1% | --           | RUNNING
 421s       | OK       |    6.8ms |   8.9% |  74.3% | --           | RUNNING
 422s       | OK       |    7.0ms |   7.1% |  74.3% | --           | RUNNING
 423s       | OK       |    7.8ms |   9.3% |  74.7% | --           | RUNNING
 424s       | OK       |    4.1ms |  21.4% |  75.5% | --           | RUNNING
 425s       | OK       |    4.6ms |  39.7% |  75.7% | --           | RUNNING
 426s       | OK       |    7.5ms |  25.1% |  75.9% | --           | RUNNING
 427s       | OK       |    3.2ms |  53.6% |  75.5% | --           | RUNNING
 428s       | OK       |    6.8ms |  24.5% |  75.6% | --           | RUNNING
 429s       | OK       |    7.3ms |  25.8% |  75.6% | --           | RUNNING
 430s       | OK       |    6.5ms |  17.3% |  75.0% | --           | RUNNING
 431s       | OK       |    2.1ms |  24.9% |  74.9% | --           | RUNNING
 432s       | OK       |    2.2ms |  37.6% |  75.2% | --           | RUNNING
 433s       | OK       |    6.8ms |  10.3% |  75.0% | --           | RUNNING
 434s       | CRASH    |    0.0ms |   0.0% |   0.0% | HTTPConnecti | ERROR
 435s       | CRASH    |    0.0ms |   0.0% |   0.0% | HTTPConnecti | ERROR
 436s       | CRASH    |    0.0ms |   0.0% |   0.0% | HTTPConnecti | ERROR
 437s       | CRASH    |    0.0ms |   0.0% |   0.0% | HTTPConnecti | ERROR
 438s       | OK       |    9.6ms |  47.0% |  76.7% | --           | RUNNING
 439s       | OK       |    8.4ms |  18.3% |  76.8% | --           | RUNNING
 440s       | OK       |    6.6ms |  20.4% |  77.2% | --           | RUNNING
 441s       | OK       |    6.3ms |  17.1% |  77.1% | --           | RUNNING
 442s       | OK       |    2.1ms |  24.7% |  77.2% | --           | RUNNING
 443s       | OK       |    6.4ms |  12.2% |  77.2% | --           | RUNNING
 444s       | OK       |    4.2ms |  16.0% |  76.9% | --           | RUNNING
 445s       | OK       |    5.2ms |  40.0% |  77.9% | --           | RUNNING
 446s       | OK       |    3.5ms |  43.0% |  75.9% | --           | RUNNING
 447s       | OK       |    7.1ms |  11.9% |  75.9% | --           | RUNNING
 448s       | OK       |    2.9ms |  33.9% |  80.8% | --           | RUNNING
 449s       | OK       |   22.4ms |  47.8% |  87.7% | --           | RUNNING
 450s       | OK       |    7.2ms |  42.0% |  87.1% | --           | RUNNING
 451s       | OK       |    5.7ms |  17.5% |  86.5% | --           | RUNNING
 452s       | OK       |    5.9ms |  19.1% |  86.5% | --           | RUNNING
 453s       | OK       |    6.7ms |  25.3% |  86.7% | --           | RUNNING
 454s       | OK       |   29.4ms |  18.5% |  88.1% | --           | RUNNING
 455s       | OK       |    7.3ms |  28.4% |  88.2% | --           | RUNNING
 456s       | OK       |    7.2ms |  12.8% |  88.0% | --           | RUNNING
 457s       | OK       |   25.1ms |  28.7% |  88.5% | --           | RUNNING
 458s       | OK       |    7.1ms |  19.6% |  88.7% | --           | RUNNING
 459s       | OK       |    7.0ms |  20.0% |  80.4% | --           | RUNNING
 460s       | OK       |    6.9ms |  17.5% |  77.6% | --           | RUNNING
 461s       | OK       |    8.0ms |  14.2% |  76.8% | --           | RUNNING
 462s       | OK       |    4.3ms |  14.8% |  76.9% | --           | RUNNING
 463s       | OK       |    4.6ms |  14.8% |  77.1% | --           | RUNNING
 464s       | OK       |   16.7ms |  14.4% |  77.1% | --           | RUNNING
 465s       | OK       |    7.1ms |  13.7% |  77.0% | --           | RUNNING
 466s       | OK       |    7.3ms |  17.5% |  77.1% | --           | RUNNING
 467s       | OK       |    2.6ms |  14.4% |  77.4% | --           | RUNNING
 468s       | OK       |    5.8ms |  13.9% |  77.5% | --           | RUNNING
 469s       | OK       |    7.9ms |  14.3% |  77.5% | --           | RUNNING
 470s       | OK       |    9.0ms |  23.5% |  77.5% | --           | RUNNING
 471s       | OK       |    7.3ms |  22.2% |  77.5% | --           | RUNNING
 472s       | OK       |    6.5ms |  14.5% |  77.4% | --           | RUNNING
 473s       | OK       |    4.7ms |  18.0% |  77.8% | --           | RUNNING
 474s       | OK       |   15.8ms |  19.0% |  77.0% | --           | RUNNING
 475s       | OK       |    5.0ms |  23.8% |  78.6% | --           | RUNNING
 476s       | OK       |    8.8ms |  64.1% |  75.8% | --           | RUNNING
 477s       | OK       |    7.3ms |  33.8% |  75.5% | --           | RUNNING
 478s       | OK       |    6.6ms |   9.5% |  75.3% | --           | RUNNING
 479s       | OK       |    7.3ms |   9.1% |  75.2% | --           | RUNNING
 480s       | OK       |    7.6ms |  10.8% |  74.1% | --           | RUNNING
 481s       | OK       |    7.0ms |   7.4% |  74.0% | --           | RUNNING
 482s       | OK       |    7.2ms |   7.7% |  73.8% | --           | RUNNING
 483s       | OK       |    8.7ms |  15.9% |  74.1% | --           | RUNNING
 484s       | OK       |    7.3ms |  19.5% |  75.0% | --           | RUNNING
 485s       | OK       |    7.4ms |   8.0% |  74.7% | --           | RUNNING
 486s       | OK       |    8.8ms |  14.5% |  75.0% | --           | RUNNING
 487s       | OK       |    2.9ms |  17.3% |  75.1% | --           | RUNNING
 488s       | OK       |    7.5ms |  13.3% |  75.0% | --           | RUNNING
 489s       | OK       |    7.1ms |   6.9% |  74.9% | --           | RUNNING
 490s       | OK       |   13.2ms |  12.7% |  74.7% | --           | RUNNING
 491s       | OK       |    7.6ms |  26.0% |  74.8% | --           | RUNNING
 492s       | OK       |    6.5ms |   9.3% |  75.0% | --           | RUNNING
 493s       | OK       |    5.4ms |   9.8% |  74.6% | --           | RUNNING
 494s       | OK       |    8.8ms |  13.4% |  74.8% | --           | RUNNING
 495s       | OK       |    3.4ms |  13.5% |  74.7% | --           | RUNNING
 496s       | OK       |    3.8ms |   8.9% |  74.4% | --           | RUNNING
 497s       | OK       |    5.0ms |   8.7% |  74.4% | --           | RUNNING
 498s       | OK       |    6.7ms |   7.2% |  74.3% | --           | RUNNING
 499s       | OK       |    6.3ms |   6.8% |  74.3% | --           | RUNNING
------------------------------------------------------------

📊 STRESS TEST RESULTS
   Duration: 499s
   Requests: 499
   Errors:   8
   Uptime:   98.40%
   Avg Latency: 7.5ms
   Max Latency: 107.3ms
   Avg CPU: 27.3%
   Avg Mem: 75.8%

❌ SYSTEM FAILED STRESS TEST
